{"/Users/priyanka.patil01/Documents/My_Work/mytheresa_coding_challenge/src/App.js": {"path":"/Users/priyanka.patil01/Documents/My_Work/mytheresa_coding_challenge/src/App.js","statementMap":{"0":{"start":{"line":10,"column":12},"end":{"line":56,"column":1}},"1":{"start":{"line":11,"column":36},"end":{"line":11,"column":48}},"2":{"start":{"line":12,"column":19},"end":{"line":12,"column":32}},"3":{"start":{"line":14,"column":25},"end":{"line":17,"column":3}},"4":{"start":{"line":15,"column":4},"end":{"line":15,"column":38}},"5":{"start":{"line":16,"column":4},"end":{"line":16,"column":56}},"6":{"start":{"line":19,"column":29},"end":{"line":23,"column":3}},"7":{"start":{"line":20,"column":4},"end":{"line":20,"column":22}},"8":{"start":{"line":21,"column":4},"end":{"line":21,"column":58}},"9":{"start":{"line":22,"column":4},"end":{"line":22,"column":34}},"10":{"start":{"line":25,"column":2},"end":{"line":55,"column":3}}},"fnMap":{"0":{"name":"(anonymous_0)","decl":{"start":{"line":10,"column":12},"end":{"line":10,"column":13}},"loc":{"start":{"line":10,"column":18},"end":{"line":56,"column":1}},"line":10},"1":{"name":"(anonymous_1)","decl":{"start":{"line":14,"column":25},"end":{"line":14,"column":26}},"loc":{"start":{"line":14,"column":35},"end":{"line":17,"column":3}},"line":14},"2":{"name":"(anonymous_2)","decl":{"start":{"line":19,"column":29},"end":{"line":19,"column":30}},"loc":{"start":{"line":19,"column":42},"end":{"line":23,"column":3}},"line":19}},"branchMap":{},"s":{"0":0,"1":0,"2":0,"3":0,"4":0,"5":0,"6":0,"7":0,"8":0,"9":0,"10":0},"f":{"0":0,"1":0,"2":0},"b":{}}
,"/Users/priyanka.patil01/Documents/My_Work/mytheresa_coding_challenge/src/components/Carousel.js": {"path":"/Users/priyanka.patil01/Documents/My_Work/mytheresa_coding_challenge/src/components/Carousel.js","statementMap":{"0":{"start":{"line":9,"column":27},"end":{"line":82,"column":1}},"1":{"start":{"line":10,"column":38},"end":{"line":10,"column":50}},"2":{"start":{"line":12,"column":21},"end":{"line":28,"column":3}},"3":{"start":{"line":30,"column":2},"end":{"line":35,"column":21}},"4":{"start":{"line":31,"column":4},"end":{"line":34,"column":9}},"5":{"start":{"line":32,"column":18},"end":{"line":32,"column":39}},"6":{"start":{"line":33,"column":6},"end":{"line":33,"column":25}},"7":{"start":{"line":37,"column":2},"end":{"line":81,"column":3}},"8":{"start":{"line":41,"column":12},"end":{"line":77,"column":19}}},"fnMap":{"0":{"name":"(anonymous_0)","decl":{"start":{"line":9,"column":27},"end":{"line":9,"column":28}},"loc":{"start":{"line":9,"column":78},"end":{"line":82,"column":1}},"line":9},"1":{"name":"(anonymous_1)","decl":{"start":{"line":30,"column":12},"end":{"line":30,"column":13}},"loc":{"start":{"line":30,"column":18},"end":{"line":35,"column":3}},"line":30},"2":{"name":"(anonymous_2)","decl":{"start":{"line":31,"column":5},"end":{"line":31,"column":6}},"loc":{"start":{"line":31,"column":17},"end":{"line":34,"column":5}},"line":31},"3":{"name":"(anonymous_3)","decl":{"start":{"line":40,"column":25},"end":{"line":40,"column":26}},"loc":{"start":{"line":41,"column":12},"end":{"line":77,"column":19}},"line":41}},"branchMap":{"0":{"loc":{"start":{"line":39,"column":7},"end":{"line":79,"column":77}},"type":"cond-expr","locations":[{"start":{"line":40,"column":10},"end":{"line":78,"column":12}},{"start":{"line":79,"column":10},"end":{"line":79,"column":77}}],"line":39}},"s":{"0":0,"1":0,"2":0,"3":0,"4":0,"5":0,"6":0,"7":0,"8":0},"f":{"0":0,"1":0,"2":0,"3":0},"b":{"0":[0,0]}}
,"/Users/priyanka.patil01/Documents/My_Work/mytheresa_coding_challenge/src/components/Header.js": {"path":"/Users/priyanka.patil01/Documents/My_Work/mytheresa_coding_challenge/src/components/Header.js","statementMap":{"0":{"start":{"line":7,"column":19},"end":{"line":7,"column":69}},"1":{"start":{"line":7,"column":38},"end":{"line":7,"column":68}},"2":{"start":{"line":9,"column":2},"end":{"line":29,"column":4}}},"fnMap":{"0":{"name":"Header","decl":{"start":{"line":6,"column":24},"end":{"line":6,"column":30}},"loc":{"start":{"line":6,"column":33},"end":{"line":30,"column":1}},"line":6},"1":{"name":"(anonymous_1)","decl":{"start":{"line":7,"column":19},"end":{"line":7,"column":20}},"loc":{"start":{"line":7,"column":38},"end":{"line":7,"column":68}},"line":7}},"branchMap":{"0":{"loc":{"start":{"line":7,"column":38},"end":{"line":7,"column":68}},"type":"cond-expr","locations":[{"start":{"line":7,"column":49},"end":{"line":7,"column":61}},{"start":{"line":7,"column":64},"end":{"line":7,"column":68}}],"line":7}},"s":{"0":0,"1":0,"2":0},"f":{"0":0,"1":0},"b":{"0":[0,0]}}
,"/Users/priyanka.patil01/Documents/My_Work/mytheresa_coding_challenge/src/components/ProductDetails.js": {"path":"/Users/priyanka.patil01/Documents/My_Work/mytheresa_coding_challenge/src/components/ProductDetails.js","statementMap":{"0":{"start":{"line":7,"column":30},"end":{"line":35,"column":1}},"1":{"start":{"line":8,"column":22},"end":{"line":8,"column":35}},"2":{"start":{"line":9,"column":21},"end":{"line":9,"column":26}},"3":{"start":{"line":10,"column":4},"end":{"line":10,"column":31}},"4":{"start":{"line":11,"column":4},"end":{"line":34,"column":5}},"5":{"start":{"line":19,"column":67},"end":{"line":19,"column":87}}},"fnMap":{"0":{"name":"(anonymous_0)","decl":{"start":{"line":7,"column":30},"end":{"line":7,"column":31}},"loc":{"start":{"line":7,"column":54},"end":{"line":35,"column":1}},"line":7},"1":{"name":"(anonymous_1)","decl":{"start":{"line":19,"column":61},"end":{"line":19,"column":62}},"loc":{"start":{"line":19,"column":67},"end":{"line":19,"column":87}},"line":19}},"branchMap":{},"s":{"0":0,"1":0,"2":0,"3":0,"4":0,"5":0},"f":{"0":0,"1":0},"b":{}}
,"/Users/priyanka.patil01/Documents/My_Work/mytheresa_coding_challenge/src/components/Products.js": {"path":"/Users/priyanka.patil01/Documents/My_Work/mytheresa_coding_challenge/src/components/Products.js","statementMap":{"0":{"start":{"line":6,"column":17},"end":{"line":43,"column":1}},"1":{"start":{"line":7,"column":2},"end":{"line":42,"column":3}},"2":{"start":{"line":15,"column":31},"end":{"line":17,"column":13}},"3":{"start":{"line":16,"column":28},"end":{"line":16,"column":51}},"4":{"start":{"line":18,"column":12},"end":{"line":38,"column":13}},"5":{"start":{"line":22,"column":32},"end":{"line":22,"column":59}}},"fnMap":{"0":{"name":"(anonymous_0)","decl":{"start":{"line":6,"column":17},"end":{"line":6,"column":18}},"loc":{"start":{"line":6,"column":63},"end":{"line":43,"column":1}},"line":6},"1":{"name":"(anonymous_1)","decl":{"start":{"line":14,"column":21},"end":{"line":14,"column":22}},"loc":{"start":{"line":14,"column":31},"end":{"line":39,"column":11}},"line":14},"2":{"name":"(anonymous_2)","decl":{"start":{"line":16,"column":14},"end":{"line":16,"column":15}},"loc":{"start":{"line":16,"column":28},"end":{"line":16,"column":51}},"line":16},"3":{"name":"(anonymous_3)","decl":{"start":{"line":22,"column":25},"end":{"line":22,"column":26}},"loc":{"start":{"line":22,"column":32},"end":{"line":22,"column":59}},"line":22}},"branchMap":{"0":{"loc":{"start":{"line":13,"column":7},"end":{"line":40,"column":73}},"type":"cond-expr","locations":[{"start":{"line":14,"column":10},"end":{"line":39,"column":12}},{"start":{"line":40,"column":10},"end":{"line":40,"column":73}}],"line":13},"1":{"loc":{"start":{"line":34,"column":45},"end":{"line":34,"column":69}},"type":"cond-expr","locations":[{"start":{"line":34,"column":58},"end":{"line":34,"column":64}},{"start":{"line":34,"column":67},"end":{"line":34,"column":69}}],"line":34},"2":{"loc":{"start":{"line":34,"column":87},"end":{"line":34,"column":114}},"type":"cond-expr","locations":[{"start":{"line":34,"column":100},"end":{"line":34,"column":105}},{"start":{"line":34,"column":108},"end":{"line":34,"column":114}}],"line":34}},"s":{"0":0,"1":0,"2":0,"3":0,"4":0,"5":0},"f":{"0":0,"1":0,"2":0,"3":0},"b":{"0":[0,0],"1":[0,0],"2":[0,0]}}
,"/Users/priyanka.patil01/Documents/My_Work/mytheresa_coding_challenge/src/helper/Categories.js": {"path":"/Users/priyanka.patil01/Documents/My_Work/mytheresa_coding_challenge/src/helper/Categories.js","statementMap":{"0":{"start":{"line":3,"column":26},"end":{"line":102,"column":1}},"1":{"start":{"line":105,"column":4},"end":{"line":105,"column":52}},"2":{"start":{"line":105,"column":39},"end":{"line":105,"column":51}},"3":{"start":{"line":109,"column":4},"end":{"line":115,"column":7}},"4":{"start":{"line":109,"column":78},"end":{"line":115,"column":5}}},"fnMap":{"0":{"name":"getCategory","decl":{"start":{"line":104,"column":16},"end":{"line":104,"column":27}},"loc":{"start":{"line":104,"column":35},"end":{"line":106,"column":1}},"line":104},"1":{"name":"(anonymous_1)","decl":{"start":{"line":105,"column":27},"end":{"line":105,"column":28}},"loc":{"start":{"line":105,"column":39},"end":{"line":105,"column":51}},"line":105},"2":{"name":"getCategories","decl":{"start":{"line":108,"column":16},"end":{"line":108,"column":29}},"loc":{"start":{"line":108,"column":32},"end":{"line":116,"column":1}},"line":108},"3":{"name":"(anonymous_3)","decl":{"start":{"line":109,"column":26},"end":{"line":109,"column":27}},"loc":{"start":{"line":109,"column":78},"end":{"line":115,"column":5}},"line":109}},"branchMap":{},"s":{"0":0,"1":0,"2":0,"3":0,"4":0},"f":{"0":0,"1":0,"2":0,"3":0},"b":{}}
}
